<?xml version="1.0" encoding="UTF-8"?>
<testng-results ignored="0" total="1" passed="1" failed="0" skipped="0">
  <reporter-output>
  </reporter-output>
  <suite started-at="2024-04-18T10:16:29 COT" name="Default suite" finished-at="2024-04-18T10:16:33 COT" duration-ms="3709">
    <groups>
    </groups>
    <test started-at="2024-04-18T10:16:29 COT" name="Default test" finished-at="2024-04-18T10:16:33 COT" duration-ms="3709">
      <class name="pruebaSelenium.NewTest">
        <test-method signature="f()[pri:0, instance:pruebaSelenium.NewTest@7ef82753]" started-at="2024-04-18T10:16:29 COT" name="f" finished-at="2024-04-18T10:16:33 COT" duration-ms="3674" status="PASS">
          <reporter-output>
          </reporter-output>
        </test-method> <!-- f -->
      </class> <!-- pruebaSelenium.NewTest -->
    </test> <!-- Default test -->
  </suite> <!-- Default suite -->
</testng-results>
